2013-09-04 12:10:58.686 [AWT-EventQueue-0] ERROR de.clemensloos.myimagebrowser - [SQLITE_BUSY]  The database file is locked (database is locked)
java.sql.SQLException: [SQLITE_BUSY]  The database file is locked (database is locked)
	at org.sqlite.DB.newSQLException(DB.java:383) ~[sqlite-jdbc-3.7.2.jar:?]
	at org.sqlite.DB.newSQLException(DB.java:387) ~[sqlite-jdbc-3.7.2.jar:?]
	at org.sqlite.DB.execute(DB.java:339) ~[sqlite-jdbc-3.7.2.jar:?]
	at org.sqlite.Stmt.exec(Stmt.java:65) ~[sqlite-jdbc-3.7.2.jar:?]
	at org.sqlite.Stmt.execute(Stmt.java:114) ~[sqlite-jdbc-3.7.2.jar:?]
	at de.clemensloos.imagebrowser.database.SqlInterface.addImage(SqlInterface.java:57) ~[classes/:?]
	at de.clemensloos.imagebrowser.ImageBrowser.addImage(ImageBrowser.java:97) [classes/:?]
	at de.clemensloos.imagebrowser.gui.ImageBrowser2DGui.dropImages(ImageBrowser2DGui.java:318) [classes/:?]
	at de.clemensloos.imagebrowser.database.MyTransferHandler.importData(MyTransferHandler.java:65) [classes/:?]
	at javax.swing.TransferHandler$DropHandler.drop(Unknown Source) [?:1.7.0_17]
	at java.awt.dnd.DropTarget.drop(Unknown Source) [?:1.7.0_17]
	at javax.swing.TransferHandler$SwingDropTarget.drop(Unknown Source) [?:1.7.0_17]
	at sun.awt.dnd.SunDropTargetContextPeer.processDropMessage(Unknown Source) [?:1.7.0_17]
	at sun.awt.dnd.SunDropTargetContextPeer$EventDispatcher.dispatchDropEvent(Unknown Source) [?:1.7.0_17]
	at sun.awt.dnd.SunDropTargetContextPeer$EventDispatcher.dispatchEvent(Unknown Source) [?:1.7.0_17]
	at sun.awt.dnd.SunDropTargetEvent.dispatch(Unknown Source) [?:1.7.0_17]
	at java.awt.Component.dispatchEventImpl(Unknown Source) [?:1.7.0_17]
	at java.awt.Container.dispatchEventImpl(Unknown Source) [?:1.7.0_17]
	at java.awt.Component.dispatchEvent(Unknown Source) [?:1.7.0_17]
	at java.awt.LightweightDispatcher.retargetMouseEvent(Unknown Source) [?:1.7.0_17]
	at java.awt.LightweightDispatcher.processDropTargetEvent(Unknown Source) [?:1.7.0_17]
	at java.awt.LightweightDispatcher.dispatchEvent(Unknown Source) [?:1.7.0_17]
	at java.awt.Container.dispatchEventImpl(Unknown Source) [?:1.7.0_17]
	at java.awt.Window.dispatchEventImpl(Unknown Source) [?:1.7.0_17]
	at java.awt.Component.dispatchEvent(Unknown Source) [?:1.7.0_17]
	at java.awt.EventQueue.dispatchEventImpl(Unknown Source) [?:1.7.0_17]
	at java.awt.EventQueue.access$200(Unknown Source) [?:1.7.0_17]
	at java.awt.EventQueue$3.run(Unknown Source) [?:1.7.0_17]
	at java.awt.EventQueue$3.run(Unknown Source) [?:1.7.0_17]
	at java.security.AccessController.doPrivileged(Native Method) [?:1.7.0_17]
	at java.security.ProtectionDomain$1.doIntersectionPrivilege(Unknown Source) [?:1.7.0_17]
	at java.security.ProtectionDomain$1.doIntersectionPrivilege(Unknown Source) [?:1.7.0_17]
	at java.awt.EventQueue$4.run(Unknown Source) [?:1.7.0_17]
	at java.awt.EventQueue$4.run(Unknown Source) [?:1.7.0_17]
	at java.security.AccessController.doPrivileged(Native Method) [?:1.7.0_17]
	at java.security.ProtectionDomain$1.doIntersectionPrivilege(Unknown Source) [?:1.7.0_17]
	at java.awt.EventQueue.dispatchEvent(Unknown Source) [?:1.7.0_17]
	at java.awt.EventDispatchThread.pumpOneEventForFilters(Unknown Source) [?:1.7.0_17]
	at java.awt.EventDispatchThread.pumpEventsForFilter(Unknown Source) [?:1.7.0_17]
	at java.awt.EventDispatchThread.pumpEventsForHierarchy(Unknown Source) [?:1.7.0_17]
	at java.awt.EventDispatchThread.pumpEvents(Unknown Source) [?:1.7.0_17]
	at java.awt.EventDispatchThread.pumpEvents(Unknown Source) [?:1.7.0_17]
	at java.awt.EventDispatchThread.run(Unknown Source) [?:1.7.0_17]
2013-09-04 12:26:34.393 [AWT-EventQueue-0] ERROR de.clemensloos.myimagebrowser - [SQLITE_ERROR] SQL error or missing database (no such column: tag)
java.sql.SQLException: [SQLITE_ERROR] SQL error or missing database (no such column: tag)
	at org.sqlite.DB.newSQLException(DB.java:383) ~[sqlite-jdbc-3.7.2.jar:?]
	at org.sqlite.DB.newSQLException(DB.java:387) ~[sqlite-jdbc-3.7.2.jar:?]
	at org.sqlite.DB.throwex(DB.java:374) ~[sqlite-jdbc-3.7.2.jar:?]
	at org.sqlite.NativeDB.prepare(Native Method) ~[sqlite-jdbc-3.7.2.jar:?]
	at org.sqlite.DB.prepare(DB.java:123) ~[sqlite-jdbc-3.7.2.jar:?]
	at org.sqlite.Stmt.executeQuery(Stmt.java:121) ~[sqlite-jdbc-3.7.2.jar:?]
	at de.clemensloos.imagebrowser.database.SqlInterface.getTags(SqlInterface.java:113) ~[classes/:?]
	at de.clemensloos.imagebrowser.ImageBrowser.getTags(ImageBrowser.java:89) [classes/:?]
	at de.clemensloos.imagebrowser.gui.ImageBrowser2DGui.loadTags(ImageBrowser2DGui.java:405) [classes/:?]
	at de.clemensloos.imagebrowser.gui.ImageBrowser2DGui.refreshGuiComponents(ImageBrowser2DGui.java:334) [classes/:?]
	at de.clemensloos.imagebrowser.gui.ImageBrowser2DGui.<init>(ImageBrowser2DGui.java:86) [classes/:?]
	at de.clemensloos.imagebrowser.gui.ImageBrowser2DGui$1.run(ImageBrowser2DGui.java:69) [classes/:?]
	at java.awt.event.InvocationEvent.dispatch(Unknown Source) [?:1.7.0_17]
	at java.awt.EventQueue.dispatchEventImpl(Unknown Source) [?:1.7.0_17]
	at java.awt.EventQueue.access$200(Unknown Source) [?:1.7.0_17]
	at java.awt.EventQueue$3.run(Unknown Source) [?:1.7.0_17]
	at java.awt.EventQueue$3.run(Unknown Source) [?:1.7.0_17]
	at java.security.AccessController.doPrivileged(Native Method) [?:1.7.0_17]
	at java.security.ProtectionDomain$1.doIntersectionPrivilege(Unknown Source) [?:1.7.0_17]
	at java.awt.EventQueue.dispatchEvent(Unknown Source) [?:1.7.0_17]
	at java.awt.EventDispatchThread.pumpOneEventForFilters(Unknown Source) [?:1.7.0_17]
	at java.awt.EventDispatchThread.pumpEventsForFilter(Unknown Source) [?:1.7.0_17]
	at java.awt.EventDispatchThread.pumpEventsForHierarchy(Unknown Source) [?:1.7.0_17]
	at java.awt.EventDispatchThread.pumpEvents(Unknown Source) [?:1.7.0_17]
	at java.awt.EventDispatchThread.pumpEvents(Unknown Source) [?:1.7.0_17]
	at java.awt.EventDispatchThread.run(Unknown Source) [?:1.7.0_17]
2013-09-04 14:00:34.981 [AWT-EventQueue-0] ERROR de.clemensloos.myimagebrowser - [SQLITE_CONSTRAINT]  Abort due to constraint violation (column event is not unique)
java.sql.SQLException: [SQLITE_CONSTRAINT]  Abort due to constraint violation (column event is not unique)
	at org.sqlite.DB.newSQLException(DB.java:383) ~[sqlite-jdbc-3.7.2.jar:?]
	at org.sqlite.DB.newSQLException(DB.java:387) ~[sqlite-jdbc-3.7.2.jar:?]
	at org.sqlite.DB.execute(DB.java:342) ~[sqlite-jdbc-3.7.2.jar:?]
	at org.sqlite.Stmt.exec(Stmt.java:65) ~[sqlite-jdbc-3.7.2.jar:?]
	at org.sqlite.Stmt.execute(Stmt.java:114) ~[sqlite-jdbc-3.7.2.jar:?]
	at de.clemensloos.imagebrowser.database.SqlInterface.getEvents(SqlInterface.java:125) ~[classes/:?]
	at de.clemensloos.imagebrowser.ImageBrowser.getEvents(ImageBrowser.java:92) [classes/:?]
	at de.clemensloos.imagebrowser.gui.ImageBrowser2DGui.buildEventTree(ImageBrowser2DGui.java:357) [classes/:?]
	at de.clemensloos.imagebrowser.gui.ImageBrowser2DGui.refreshGuiComponents(ImageBrowser2DGui.java:330) [classes/:?]
	at de.clemensloos.imagebrowser.gui.ImageBrowser2DGui.<init>(ImageBrowser2DGui.java:85) [classes/:?]
	at de.clemensloos.imagebrowser.gui.ImageBrowser2DGui$1.run(ImageBrowser2DGui.java:68) [classes/:?]
	at java.awt.event.InvocationEvent.dispatch(Unknown Source) [?:1.7.0_17]
	at java.awt.EventQueue.dispatchEventImpl(Unknown Source) [?:1.7.0_17]
	at java.awt.EventQueue.access$200(Unknown Source) [?:1.7.0_17]
	at java.awt.EventQueue$3.run(Unknown Source) [?:1.7.0_17]
	at java.awt.EventQueue$3.run(Unknown Source) [?:1.7.0_17]
	at java.security.AccessController.doPrivileged(Native Method) [?:1.7.0_17]
	at java.security.ProtectionDomain$1.doIntersectionPrivilege(Unknown Source) [?:1.7.0_17]
	at java.awt.EventQueue.dispatchEvent(Unknown Source) [?:1.7.0_17]
	at java.awt.EventDispatchThread.pumpOneEventForFilters(Unknown Source) [?:1.7.0_17]
	at java.awt.EventDispatchThread.pumpEventsForFilter(Unknown Source) [?:1.7.0_17]
	at java.awt.EventDispatchThread.pumpEventsForHierarchy(Unknown Source) [?:1.7.0_17]
	at java.awt.EventDispatchThread.pumpEvents(Unknown Source) [?:1.7.0_17]
	at java.awt.EventDispatchThread.pumpEvents(Unknown Source) [?:1.7.0_17]
	at java.awt.EventDispatchThread.run(Unknown Source) [?:1.7.0_17]
