2013-08-30 22:09:17.359 [AWT-EventQueue-0] ERROR de.clemensloos.myimagebrowser - path to 'C:\Users\clemens.loos\Desktop\tmp\myProject.sqlite': 'C:\Users' does not exist
java.sql.SQLException: path to 'C:\Users\clemens.loos\Desktop\tmp\myProject.sqlite': 'C:\Users' does not exist
	at org.sqlite.Conn.open(Conn.java:103) ~[sqlite-jdbc-3.7.2.jar:?]
	at org.sqlite.Conn.<init>(Conn.java:57) ~[sqlite-jdbc-3.7.2.jar:?]
	at org.sqlite.JDBC.createConnection(JDBC.java:77) ~[sqlite-jdbc-3.7.2.jar:?]
	at org.sqlite.JDBC.connect(JDBC.java:64) ~[sqlite-jdbc-3.7.2.jar:?]
	at java.sql.DriverManager.getConnection(Unknown Source) ~[?:1.7.0_25]
	at java.sql.DriverManager.getConnection(Unknown Source) ~[?:1.7.0_25]
	at de.clemensloos.imagebrowser.database.SqliteImpl.connect(SqliteImpl.java:28) ~[classes/:?]
	at de.clemensloos.imagebrowser.ImageBrowser.<init>(ImageBrowser.java:46) [classes/:?]
	at de.clemensloos.imagebrowser.gui.ImageBrowser2DGui.<init>(ImageBrowser2DGui.java:92) [classes/:?]
	at de.clemensloos.imagebrowser.gui.ImageBrowser2DGui$1.run(ImageBrowser2DGui.java:74) [classes/:?]
	at java.awt.event.InvocationEvent.dispatch(Unknown Source) [?:1.7.0_25]
	at java.awt.EventQueue.dispatchEventImpl(Unknown Source) [?:1.7.0_25]
	at java.awt.EventQueue.access$200(Unknown Source) [?:1.7.0_25]
	at java.awt.EventQueue$3.run(Unknown Source) [?:1.7.0_25]
	at java.awt.EventQueue$3.run(Unknown Source) [?:1.7.0_25]
	at java.security.AccessController.doPrivileged(Native Method) [?:1.7.0_25]
	at java.security.ProtectionDomain$1.doIntersectionPrivilege(Unknown Source) [?:1.7.0_25]
	at java.awt.EventQueue.dispatchEvent(Unknown Source) [?:1.7.0_25]
	at java.awt.EventDispatchThread.pumpOneEventForFilters(Unknown Source) [?:1.7.0_25]
	at java.awt.EventDispatchThread.pumpEventsForFilter(Unknown Source) [?:1.7.0_25]
	at java.awt.EventDispatchThread.pumpEventsForHierarchy(Unknown Source) [?:1.7.0_25]
	at java.awt.EventDispatchThread.pumpEvents(Unknown Source) [?:1.7.0_25]
	at java.awt.EventDispatchThread.pumpEvents(Unknown Source) [?:1.7.0_25]
	at java.awt.EventDispatchThread.run(Unknown Source) [?:1.7.0_25]
2013-08-30 23:26:22.703 [AWT-EventQueue-0] ERROR de.clemensloos.myimagebrowser - no such column: 'date'
java.sql.SQLException: no such column: 'date'
	at org.sqlite.RS.findColumn(RS.java:121) ~[sqlite-jdbc-3.7.2.jar:?]
	at org.sqlite.RS.getString(RS.java:317) ~[sqlite-jdbc-3.7.2.jar:?]
	at de.clemensloos.imagebrowser.database.SqlInterface.getDates(SqlInterface.java:102) ~[classes/:?]
	at de.clemensloos.imagebrowser.ImageBrowser.getDates(ImageBrowser.java:77) [classes/:?]
	at de.clemensloos.imagebrowser.gui.ImageBrowser2DGui.buildDateTree(ImageBrowser2DGui.java:374) [classes/:?]
	at de.clemensloos.imagebrowser.gui.ImageBrowser2DGui.<init>(ImageBrowser2DGui.java:92) [classes/:?]
	at de.clemensloos.imagebrowser.gui.ImageBrowser2DGui$1.run(ImageBrowser2DGui.java:71) [classes/:?]
	at java.awt.event.InvocationEvent.dispatch(Unknown Source) [?:1.7.0_25]
	at java.awt.EventQueue.dispatchEventImpl(Unknown Source) [?:1.7.0_25]
	at java.awt.EventQueue.access$200(Unknown Source) [?:1.7.0_25]
	at java.awt.EventQueue$3.run(Unknown Source) [?:1.7.0_25]
	at java.awt.EventQueue$3.run(Unknown Source) [?:1.7.0_25]
	at java.security.AccessController.doPrivileged(Native Method) [?:1.7.0_25]
	at java.security.ProtectionDomain$1.doIntersectionPrivilege(Unknown Source) [?:1.7.0_25]
	at java.awt.EventQueue.dispatchEvent(Unknown Source) [?:1.7.0_25]
	at java.awt.EventDispatchThread.pumpOneEventForFilters(Unknown Source) [?:1.7.0_25]
	at java.awt.EventDispatchThread.pumpEventsForFilter(Unknown Source) [?:1.7.0_25]
	at java.awt.EventDispatchThread.pumpEventsForHierarchy(Unknown Source) [?:1.7.0_25]
	at java.awt.EventDispatchThread.pumpEvents(Unknown Source) [?:1.7.0_25]
	at java.awt.EventDispatchThread.pumpEvents(Unknown Source) [?:1.7.0_25]
	at java.awt.EventDispatchThread.run(Unknown Source) [?:1.7.0_25]
2013-09-03 18:25:17.587 [AWT-EventQueue-0] ERROR de.clemensloos.myimagebrowser - path to 'D:\eclipse_workspace\myProject.sqlite': 'D:\' does not exist
java.sql.SQLException: path to 'D:\eclipse_workspace\myProject.sqlite': 'D:\' does not exist
	at org.sqlite.Conn.open(Conn.java:103) ~[sqlite-jdbc-3.7.2.jar:?]
	at org.sqlite.Conn.<init>(Conn.java:57) ~[sqlite-jdbc-3.7.2.jar:?]
	at org.sqlite.JDBC.createConnection(JDBC.java:77) ~[sqlite-jdbc-3.7.2.jar:?]
	at org.sqlite.JDBC.connect(JDBC.java:64) ~[sqlite-jdbc-3.7.2.jar:?]
	at java.sql.DriverManager.getConnection(Unknown Source) ~[?:1.7.0_17]
	at java.sql.DriverManager.getConnection(Unknown Source) ~[?:1.7.0_17]
	at de.clemensloos.imagebrowser.database.SqliteImpl.connect(SqliteImpl.java:26) ~[classes/:?]
	at de.clemensloos.imagebrowser.ImageBrowser.<init>(ImageBrowser.java:47) [classes/:?]
	at de.clemensloos.imagebrowser.gui.ImageBrowser2DGui.<init>(ImageBrowser2DGui.java:91) [classes/:?]
	at de.clemensloos.imagebrowser.gui.ImageBrowser2DGui$1.run(ImageBrowser2DGui.java:73) [classes/:?]
	at java.awt.event.InvocationEvent.dispatch(Unknown Source) [?:1.7.0_17]
	at java.awt.EventQueue.dispatchEventImpl(Unknown Source) [?:1.7.0_17]
	at java.awt.EventQueue.access$200(Unknown Source) [?:1.7.0_17]
	at java.awt.EventQueue$3.run(Unknown Source) [?:1.7.0_17]
	at java.awt.EventQueue$3.run(Unknown Source) [?:1.7.0_17]
	at java.security.AccessController.doPrivileged(Native Method) [?:1.7.0_17]
	at java.security.ProtectionDomain$1.doIntersectionPrivilege(Unknown Source) [?:1.7.0_17]
	at java.awt.EventQueue.dispatchEvent(Unknown Source) [?:1.7.0_17]
	at java.awt.EventDispatchThread.pumpOneEventForFilters(Unknown Source) [?:1.7.0_17]
	at java.awt.EventDispatchThread.pumpEventsForFilter(Unknown Source) [?:1.7.0_17]
	at java.awt.EventDispatchThread.pumpEventsForHierarchy(Unknown Source) [?:1.7.0_17]
	at java.awt.EventDispatchThread.pumpEvents(Unknown Source) [?:1.7.0_17]
	at java.awt.EventDispatchThread.pumpEvents(Unknown Source) [?:1.7.0_17]
	at java.awt.EventDispatchThread.run(Unknown Source) [?:1.7.0_17]
